<!DOCTYPE html>
<html>
<head>
    <meta charset="UTF-8"/>
    <title>As an user, i cannot login because empty password</title>
<link rel="shortcut icon" type="image/x-icon" href="favicon.ico">
<link rel="apple-touch-icon" sizes="57x57" href="apple-icon-57x57.png">
<link rel="apple-touch-icon" sizes="60x60" href="apple-icon-60x60.png">
<link rel="apple-touch-icon" sizes="72x72" href="apple-icon-72x72.png">
<link rel="apple-touch-icon" sizes="76x76" href="apple-icon-76x76.png">
<link rel="apple-touch-icon" sizes="114x114" href="apple-icon-114x114.png">
<link rel="apple-touch-icon" sizes="120x120" href="apple-icon-120x120.png">
<link rel="apple-touch-icon" sizes="144x144" href="apple-icon-144x144.png">
<link rel="apple-touch-icon" sizes="152x152" href="apple-icon-152x152.png">
<link rel="apple-touch-icon" sizes="180x180" href="apple-icon-180x180.png">
<link rel="icon" type="image/png" sizes="192x192"  href="android-icon-192x192.png">
<link rel="icon" type="image/png" sizes="32x32" href="favicon-32x32.png">
<link rel="icon" type="image/png" sizes="96x96" href="favicon-96x96.png">
<link rel="icon" type="image/png" sizes="16x16" href="favicon-16x16.png">
<meta name="msapplication-TileColor" content="#ffffff">
<meta name="msapplication-TileImage" content="/ms-icon-144x144.png">
<meta name="theme-color" content="#ffffff"><link rel="stylesheet" href="bootstrap-icons/font/bootstrap-icons.css"><!-- JQuery -->
<script type="text/javascript" src="scripts/jquery-1.11.1.min.js"></script><link rel="stylesheet" type="text/css" href="chartist/chartist-plugin-tooltip/dist/chartist-plugin-tooltip.min.css">
<link rel="stylesheet" type="text/css" href="chartist/dist/chartist.min.css">
<script src="chartist/dist/chartist.min.js"></script>
<script src="chartist/chartist-plugin-tooltip/dist/chartist-plugin-tooltip.min.js"></script>
<!-- Required Stylesheets -->
<link href="bootstrap-treeview/dist/bootstrap-treeview.min.css" rel="stylesheet">

<!-- Required Javascript -->
<script src="bootstrap-treeview/dist/bootstrap-treeview.min.js"></script><!-- DataTables -->
<link type="text/css" href="datatables/1.10.20/datatables.min.css" rel="stylesheet" />
<script type="text/javascript" src="datatables/1.10.20/datatables.min.js"></script>
<script type="text/javascript" src="datatables/1.10.20/time-elapsed-dhms.js"></script>

<link href="bootstrap/css/bootstrap.min.css" rel="stylesheet">
<script src="bootstrap/js/bootstrap.min.js"></script>

<script type="text/javascript" src="datatables/1.10.20/datatables.bootstrap4.min.js"></script>
<link type="text/css" href="datatables/1.10.20/datatables.bootstrap4.min.css" rel="stylesheet" />

<script>
    jQuery.fn.dataTable.ext.type.order['time-elapsed-dhms-pre'] = function(data) {

        var matches = data.match(/^(\d+(?:\.\d+)?)\s*([a-z]+)/i);
        var multipliers = {
            ms: 1,
            s: 1000,
            m: 60000,
            h: 3600000,
            d: 86400000
        };

        if (matches) {
            var multiplier = multipliers[matches[2].toLowerCase()];
            return parseFloat(matches[1]) * multiplier;
        } else {
            return -1;
        };
    };
</script>
<link rel="stylesheet" href="css/core.css"/>
<link rel="stylesheet" href="css/link.css"/>
<link type="text/css" media="screen" href="css/screen.css" rel="Stylesheet"/><!-- JQuery-UI -->
<link type="text/css" href="jqueryui/1.11.2-start/jquery-ui.min.css" rel="Stylesheet" />
<script type="text/javascript" src="jqueryui/1.11.2-start/jquery-ui.min.js"></script><!-- DataTables -->
<link type="text/css" href="datatables/1.10.20/datatables.min.css" rel="stylesheet" />
<script type="text/javascript" src="datatables/1.10.20/datatables.min.js"></script>
<script type="text/javascript" src="datatables/1.10.20/time-elapsed-dhms.js"></script>

<link href="bootstrap/css/bootstrap.min.css" rel="stylesheet">
<script src="bootstrap/js/bootstrap.min.js"></script>

<script type="text/javascript" src="datatables/1.10.20/datatables.bootstrap4.min.js"></script>
<link type="text/css" href="datatables/1.10.20/datatables.bootstrap4.min.css" rel="stylesheet" />

<script>
    jQuery.fn.dataTable.ext.type.order['time-elapsed-dhms-pre'] = function(data) {

        var matches = data.match(/^(\d+(?:\.\d+)?)\s*([a-z]+)/i);
        var multipliers = {
            ms: 1,
            s: 1000,
            m: 60000,
            h: 3600000,
            d: 86400000
        };

        if (matches) {
            var multiplier = multipliers[matches[2].toLowerCase()];
            return parseFloat(matches[1]) * multiplier;
        } else {
            return -1;
        };
    };
</script>
<!-- ImgPreview -->
<script src="scripts/imgpreview.full.jquery.js" type="text/javascript"></script>
</head>

<body class="results-page">


<div id="topheader">
    <div id="topbanner">
        <div id="logo"><a href="index.html"><img src="images/serenity-logo.png" border="0"/></a></div>
        <div id="projectname-banner" style="float:right">
            <span class="projectname">
                <span class="projecttitle"></span>
                <span class="projectsubtitle"></span>
            </span>
        </div>
    </div>
</div>

<div class="middlecontent">
    <div id="contenttop">
        <div class="middlebg">
        <span class="breadcrumbs">
            <a href="index.html" class="breadcrumbs">Home</a>

            > <a href="8d31b321f9efc112b5dfa028d418b1f26b6247887743c5eb81a6c7a68321dcfe.html">As An User, I Want To Success Login And Success Register, So That I Can See My Home Page</a>
        > As an user, i cannot login because empty password
        </span>
        </div>
        <div class="rightbg"></div>
    </div>

    <div class="clr"></div>

    <!--/* starts second table*/-->
<div>
    <ul class="nav nav-tabs" role="tablist">
        <li class="active">
            <a href="#"><i class="bi bi-journal-check"></i> Overall Test Results</a>
        </li>
        <li >
            <a href="capabilities.html"><i class="bi bi-journal-text"></i> Requirements</a>
        </li>
        <li >
            <a href="576946480b52ad056d6f5bddf874399c83582ecf90963cc074a14c70580e7d9f.html"><i class="bi bi-chat-text"></i> Features</a>
        </li>
    </ul>
    <span class="date-and-time"><a href="build-info.html"><i class="bi bi-info-circle"></i></a> Report generated 05-05-2023 14:01</span>
    <br style="clear:left"/>
</div>
    <div class="clr"></div>


    <div id="contentbody">
        <div class="titlebar">
            <div class="story-title">
                <table class="outcome-header">
                    <tr>
                        <td>
                                <div>
                                    <h3 class="discreet-story-header">
                                        <i class="fs-2 bi bi-chat-left-quote title-icon"></i>
                                        <span class="story-header-title">As An User, I Want To Success Login And Success Register, So That I Can See My Home Page </span>
                                    </h3>

                                </div>

                        </td>
                        <td valign="top">
                                <p class="tag">
                                    <span class="badge tag-badge" style="background:default;">
                                    <i class="bi bi-tag"></i>&nbsp;<a class="tagLink" style="background:default;"
                                                                      href="4e3dc93b20810d8f99b4d87637905503b389b074bf1bd98a7f41941f4449c691.html">Testcase-Loginwithemptypassword
                                    (tag)</a>
                                </span>
                                </p>
                        </td>
                    </tr>
                </table>
            </div>
            <div class="story-title">
                <table class="outcome-header">
                    <tr>
                        <td colspan="2" class="test-title-bar">
                            <span class="outcome-icon"><a href='##beforetable'><i class='bi bi-exclamation-triangle-fill error-icon fa-2x' title='ERROR'></i></a></span>
                            <span class="test-case-title">
                                <span class="error-color">
                                    As an user, i cannot login because empty password
                                        <span class="related-issue-title"></span>
                                </span>
                            </span>

                        </td>
                    </tr>
                </table>
            </div>



</div>
</div>

<div class="clr"></div>


<div id="beforetable"></div>


<div id="tablecontents">
    <div>
        <table class="step-table">
            <tr class="step-titles">
                <th width="65">
                </th>
                <th class="step-description-column greentext">
                    Steps
                </th>

                <th width="130" class="greentext">Outcome</th>
                <th width="100" class="greentext"><i title="Duration" class="bi bi-stopwatch"></i></th>
            </tr>
            <tr class="step-table-separator">
                <td colspan="5"></td>
            </tr>

                <tr class="test-ERROR">

                    <td width="50" class="step-icon">
                        <a name="0"></a>
                            <a href="javaScript:void(0)" onClick="toggleDiv('stepSection0')"
                               style="display:block">
                                <i class="bi bi-plus-square imgstepSection0 error-icon"
                                   style="margin-left: 20px; float:left; padding-right:5px"></i>
                            </a>
                    </td>

                    <td class="step-description-column">
                        <div class="step-description">
                            <a href="javaScript:void(0)" onClick="toggleDiv('stepSection0')"
                               style="display:block;">
                                <span class="top-level-step">
                                                Given user on the main page and click button login
                                        </span>
                            </a>
                            <span class="evidence">
                                </span>
                        </div>
                    </td>

                    <td width="130"><span class="top-level-step">ERROR</span></td>
                    <td width="100"><span class="top-level-step">54s 536ms</span></td>
                </tr>
                    <tr>
                        <td colspan="5">
                            <table id="stepSection0" class="step-table-nested" style="display:none;">
                <tr class="test-ERROR">

                    <td width="70" class="step-icon">
                        <a name="0-0"></a>
                            <a href="javaScript:void(0)" onClick="toggleDiv('stepSection0-0')"
                               style="display:block">
                                <i class="bi bi-plus-square imgstepSection0-0 error-icon"
                                   style="margin-left: 40px; float:left; padding-right:5px"></i>
                            </a>
                    </td>

                    <td class="step-description-column">
                        <div class="step-description">
                            <a href="javaScript:void(0)" onClick="toggleDiv('stepSection0-0')"
                               style="display:block;">
                                <span class="nested-step">
                                                Click button login
                                        </span>
                            </a>
                            <span class="evidence">
                                </span>
                        </div>
                    </td>

                    <td width="130"><span class="nested-step">ERROR</span></td>
                    <td width="100"><span class="nested-step">51s 628ms</span></td>
                </tr>
                    <tr>
                        <td colspan="5">
                            <table id="stepSection0-0" class="step-table-nested" style="display:none;">
                <tr class="test-ERROR">

                    <td width="90" class="step-icon">
                        <a name="0-0-0"></a>
                            <span style="margin-left: 60px;"
                                  class="nested-group-icon"><a href='##beforetable'><i class='bi bi-exclamation-triangle-fill error-icon ' title='ERROR'></i></a>
                                </span>
                    </td>

                    <td class="step-description-column">
                        <div class="step-description">
                                <span class="nested-group-step">
                                                Get driver
                                        </span>
                            <span class="evidence">
                                </span>
                        </div>
                    </td>

                    <td width="130"><span class="nested-group-step">ERROR</span></td>
                    <td width="100"><span class="nested-group-step">070ms</span></td>
                </tr>
                    <tr class="test-ERROR">
                        <td width="40">&nbsp</td>
                        <td width="%" colspan="3" class="error-message-cell">


    <div style="display:block">
        <div class="table">
            <div class="row">
                <div class="col-sm-10" style="padding-left:1.5em; padding-top:0.5em; padding-bottom:0.5em;">
                    <span class="error-message error-message-title">org.openqa.selenium.SessionNotCreatedException: Unable to create a new remote session. Please check the server log for more details. Original error: An unknown server-side error occurred while processing the command. Original error: Could not proxy command to the remote server. Original error: socket hang up<br>Build info: version: &#39;3.141.59&#39;, revision: &#39;e82be7d358&#39;, time: &#39;2018-11-14T08:17:03&#39;<br>System info: host: &#39;LV-ACR-PC50E5T5&#39;, ip: &#39;192.168.1.10&#39;, os.name: &#39;Windows 10&#39;, os.arch: &#39;amd64&#39;, os.version: &#39;10.0&#39;, java.version: &#39;1.8.0_202&#39;<br>Driver info: driver.version: AndroidDriver<br>remote stacktrace: UnknownError: An unknown server-side error occurred while processing the command. Original error: Could not proxy command to the remote server. Original error: socket hang up<br>    at UIA2Proxy.command (C:\Users\ADW User ACR\AppData\Local\Programs\Appium Server GUI\resources\app\node_modules\appium\node_modules\appium-base-driver\lib\jsonwp-proxy\proxy.js:274:13)<br>    at runMicrotasks (&lt;anonymous&gt;)<br>    at processTicksAndRejections (internal/process/task_queues.js:97:5)<br>    at AndroidUiautomator2Driver.commands.getDevicePixelRatio (C:\Users\ADW User ACR\AppData\Local\Programs\Appium Server GUI\resources\app\node_modules\appium\node_modules\appium-uiautomator2-driver\lib\commands\viewport.js:14:10)<br>    at AndroidUiautomator2Driver.fillDeviceDetails (C:\Users\ADW User ACR\AppData\Local\Programs\Appium Server GUI\resources\app\node_modules\appium\node_modules\appium-uiautomator2-driver\lib\driver.js:244:28)<br>    at AndroidUiautomator2Driver.createSession (C:\Users\ADW User ACR\AppData\Local\Programs\Appium Server GUI\resources\app\node_modules\appium\node_modules\appium-uiautomator2-driver\lib\driver.js:230:7)<br>    at AppiumDriver.createSession (C:\Users\ADW User ACR\AppData\Local\Programs\Appium Server GUI\resources\app\node_modules\appium\lib\appium.js:387:35)<br>Build info: version: &#39;3.141.59&#39;, revision: &#39;e82be7d358&#39;, time: &#39;2018-11-14T08:17:03&#39;<br>System info: host: &#39;LV-ACR-PC50E5T5&#39;, ip: &#39;192.168.1.10&#39;, os.name: &#39;Windows 10&#39;, os.arch: &#39;amd64&#39;, os.version: &#39;10.0&#39;, java.version: &#39;1.8.0_202&#39;<br>Driver info: driver.version: AndroidDriver</span>
                </div>
                <div class="col-sm-2">
                    <a class="btn btn-warning details-button" data-toggle="collapse" href="#stacktraceModal-3"
                       role="button" aria-expanded="false" aria-controls="multiCollapseExample1"><i class="bi bi-eye"></i> More details</a>
                </div>
             </div>
        </div>
    <div>

    <!-- Details Section -->
    <div class="row stacktrace-details">
      <div class="col">
        <div class="collapse multi-collapse" id="stacktraceModal-3">
            <div class="card">
                <div class="card-header">
                    <h4>org.openqa.selenium.SessionNotCreatedException </h4>
                </div>
                <div class="card-body">
                    <div>
                        <pre>io.appium.java_client.remote.AppiumCommandExecutor.createSession(AppiumCommandExecutor.java:225)<br />io.appium.java_client.remote.AppiumCommandExecutor.execute(AppiumCommandExecutor.java:250)<br />io.appium.java_client.DefaultGenericMobileDriver.execute(DefaultGenericMobileDriver.java:41)<br />io.appium.java_client.AppiumDriver.execute(AppiumDriver.java:1)<br />io.appium.java_client.android.AndroidDriver.execute(AndroidDriver.java:1)<br />io.appium.java_client.AppiumDriver.startSession(AppiumDriver.java:363)<br />io.appium.java_client.DefaultGenericMobileDriver.<init>(DefaultGenericMobileDriver.java:37)<br />io.appium.java_client.AppiumDriver.<init>(AppiumDriver.java:89)<br />io.appium.java_client.AppiumDriver.<init>(AppiumDriver.java:99)<br />io.appium.java_client.android.AndroidDriver.<init>(AndroidDriver.java:97)<br />test.alta.driver.AndroidDriverPool.create(AndroidDriverPool.java:26)<br />test.alta.pageobject.BasePageObject.getDriver(BasePageObject.java:18)<br />test.alta.pageobject.BasePageObject.onWait(BasePageObject.java:24)<br />test.alta.pageobject.BasePageObject.waitUntilClickable(BasePageObject.java:28)<br />test.alta.pageobject.BasePageObject.onClick(BasePageObject.java:40)<br />test.alta.pages.LoginScreen.clickButtonLogin(LoginScreen.java:68)<br />test.alta.stepdefinitions.LoginSteps.userOnTheMainPageAndClickButtonLogin(LoginSteps.java:47)<br />io.cucumber.java.Invoker.doInvoke(Invoker.java:66)<br />io.cucumber.java.Invoker.invoke(Invoker.java:24)<br />io.cucumber.java.AbstractGlueDefinition.invokeMethod(AbstractGlueDefinition.java:47)<br />io.cucumber.java.JavaStepDefinition.execute(JavaStepDefinition.java:29)<br />io.cucumber.core.runner.CoreStepDefinition.execute(CoreStepDefinition.java:66)<br />io.cucumber.core.runner.PickleStepDefinitionMatch.runStep(PickleStepDefinitionMatch.java:63)<br />io.cucumber.core.runner.TestStep.executeStep(TestStep.java:92)<br />io.cucumber.core.runner.TestStep.run(TestStep.java:64)<br />io.cucumber.core.runner.PickleStepTestStep.run(PickleStepTestStep.java:51)<br />io.cucumber.core.runner.TestCase.run(TestCase.java:104)<br />io.cucumber.core.runner.Runner.runPickle(Runner.java:73)<br />io.cucumber.junit.FeatureRunner.runChild(FeatureRunner.java:135)<br />io.cucumber.junit.FeatureRunner.runChild(FeatureRunner.java:27)<br />io.cucumber.junit.CucumberSerenityRunner.runChild(CucumberSerenityRunner.java:258)<br />io.cucumber.junit.CucumberSerenityRunner.runChild(CucumberSerenityRunner.java:57)<br /></pre>
                    </div>

                    <h4>
                        Caused by: java.lang.reflect.InvocationTargetException
                    </h4>
                    <div>
                        <pre>io.appium.java_client.remote.AppiumCommandExecutor.createSession(AppiumCommandExecutor.java :225)<br />io.appium.java_client.remote.AppiumCommandExecutor.execute(AppiumCommandExecutor.java :250)<br />io.appium.java_client.DefaultGenericMobileDriver.execute(DefaultGenericMobileDriver.java :41)<br />io.appium.java_client.AppiumDriver.execute(AppiumDriver.java :1)<br />io.appium.java_client.android.AndroidDriver.execute(AndroidDriver.java :1)<br />io.appium.java_client.AppiumDriver.startSession(AppiumDriver.java :363)<br />io.appium.java_client.DefaultGenericMobileDriver.<init>(DefaultGenericMobileDriver.java :37)<br />io.appium.java_client.AppiumDriver.<init>(AppiumDriver.java :89)<br />io.appium.java_client.AppiumDriver.<init>(AppiumDriver.java :99)<br />io.appium.java_client.android.AndroidDriver.<init>(AndroidDriver.java :97)<br />test.alta.driver.AndroidDriverPool.create(AndroidDriverPool.java :26)<br />test.alta.pageobject.BasePageObject.getDriver(BasePageObject.java :18)<br />test.alta.pageobject.BasePageObject.onWait(BasePageObject.java :24)<br />test.alta.pageobject.BasePageObject.waitUntilClickable(BasePageObject.java :28)<br />test.alta.pageobject.BasePageObject.onClick(BasePageObject.java :40)<br />test.alta.pages.LoginScreen.clickButtonLogin(LoginScreen.java :68)<br />test.alta.stepdefinitions.LoginSteps.userOnTheMainPageAndClickButtonLogin(LoginSteps.java :47)<br />io.cucumber.java.Invoker.doInvoke(Invoker.java :66)<br />io.cucumber.java.Invoker.invoke(Invoker.java :24)<br />io.cucumber.java.AbstractGlueDefinition.invokeMethod(AbstractGlueDefinition.java :47)<br />io.cucumber.java.JavaStepDefinition.execute(JavaStepDefinition.java :29)<br />io.cucumber.core.runner.CoreStepDefinition.execute(CoreStepDefinition.java :66)<br />io.cucumber.core.runner.PickleStepDefinitionMatch.runStep(PickleStepDefinitionMatch.java :63)<br />io.cucumber.core.runner.TestStep.executeStep(TestStep.java :92)<br />io.cucumber.core.runner.TestStep.run(TestStep.java :64)<br />io.cucumber.core.runner.PickleStepTestStep.run(PickleStepTestStep.java :51)<br />io.cucumber.core.runner.TestCase.run(TestCase.java :104)<br />io.cucumber.core.runner.Runner.runPickle(Runner.java :73)<br />io.cucumber.junit.FeatureRunner.runChild(FeatureRunner.java :135)<br />io.cucumber.junit.FeatureRunner.runChild(FeatureRunner.java :27)<br />io.cucumber.junit.CucumberSerenityRunner.runChild(CucumberSerenityRunner.java :258)<br />io.cucumber.junit.CucumberSerenityRunner.runChild(CucumberSerenityRunner.java :57)<br /></pre>
                    </div>
                </div>
            </div>
        </div>
    </div>
                        </td>
                    </tr>
                <tr class="test-ERROR">

                    <td width="90" class="step-icon">
                        <a name="0-0-1"></a>
                            <span style="margin-left: 60px;"
                                  class="nested-group-icon"><a href='##beforetable'><i class='bi bi-exclamation-triangle-fill error-icon ' title='ERROR'></i></a>
                                </span>
                    </td>

                    <td class="step-description-column">
                        <div class="step-description">
                                <span class="nested-group-step">
                                                On wait
                                        </span>
                            <span class="evidence">
                                </span>
                        </div>
                    </td>

                    <td width="130"><span class="nested-group-step">ERROR</span></td>
                    <td width="100"><span class="nested-group-step">024ms</span></td>
                </tr>
                    <tr class="test-ERROR">
                        <td width="40">&nbsp</td>
                        <td width="%" colspan="3" class="error-message-cell">


    <div style="display:block">
        <div class="table">
            <div class="row">
                <div class="col-sm-10" style="padding-left:1.5em; padding-top:0.5em; padding-bottom:0.5em;">
                    <span class="error-message error-message-title">org.openqa.selenium.SessionNotCreatedException: Unable to create a new remote session. Please check the server log for more details. Original error: An unknown server-side error occurred while processing the command. Original error: Could not proxy command to the remote server. Original error: socket hang up<br>Build info: version: &#39;3.141.59&#39;, revision: &#39;e82be7d358&#39;, time: &#39;2018-11-14T08:17:03&#39;<br>System info: host: &#39;LV-ACR-PC50E5T5&#39;, ip: &#39;192.168.1.10&#39;, os.name: &#39;Windows 10&#39;, os.arch: &#39;amd64&#39;, os.version: &#39;10.0&#39;, java.version: &#39;1.8.0_202&#39;<br>Driver info: driver.version: AndroidDriver<br>remote stacktrace: UnknownError: An unknown server-side error occurred while processing the command. Original error: Could not proxy command to the remote server. Original error: socket hang up<br>    at UIA2Proxy.command (C:\Users\ADW User ACR\AppData\Local\Programs\Appium Server GUI\resources\app\node_modules\appium\node_modules\appium-base-driver\lib\jsonwp-proxy\proxy.js:274:13)<br>    at runMicrotasks (&lt;anonymous&gt;)<br>    at processTicksAndRejections (internal/process/task_queues.js:97:5)<br>    at AndroidUiautomator2Driver.commands.getDevicePixelRatio (C:\Users\ADW User ACR\AppData\Local\Programs\Appium Server GUI\resources\app\node_modules\appium\node_modules\appium-uiautomator2-driver\lib\commands\viewport.js:14:10)<br>    at AndroidUiautomator2Driver.fillDeviceDetails (C:\Users\ADW User ACR\AppData\Local\Programs\Appium Server GUI\resources\app\node_modules\appium\node_modules\appium-uiautomator2-driver\lib\driver.js:244:28)<br>    at AndroidUiautomator2Driver.createSession (C:\Users\ADW User ACR\AppData\Local\Programs\Appium Server GUI\resources\app\node_modules\appium\node_modules\appium-uiautomator2-driver\lib\driver.js:230:7)<br>    at AppiumDriver.createSession (C:\Users\ADW User ACR\AppData\Local\Programs\Appium Server GUI\resources\app\node_modules\appium\lib\appium.js:387:35)<br>Build info: version: &#39;3.141.59&#39;, revision: &#39;e82be7d358&#39;, time: &#39;2018-11-14T08:17:03&#39;<br>System info: host: &#39;LV-ACR-PC50E5T5&#39;, ip: &#39;192.168.1.10&#39;, os.name: &#39;Windows 10&#39;, os.arch: &#39;amd64&#39;, os.version: &#39;10.0&#39;, java.version: &#39;1.8.0_202&#39;<br>Driver info: driver.version: AndroidDriver</span>
                </div>
                <div class="col-sm-2">
                    <a class="btn btn-warning details-button" data-toggle="collapse" href="#stacktraceModal-4"
                       role="button" aria-expanded="false" aria-controls="multiCollapseExample1"><i class="bi bi-eye"></i> More details</a>
                </div>
             </div>
        </div>
    <div>

    <!-- Details Section -->
    <div class="row stacktrace-details">
      <div class="col">
        <div class="collapse multi-collapse" id="stacktraceModal-4">
            <div class="card">
                <div class="card-header">
                    <h4>org.openqa.selenium.SessionNotCreatedException </h4>
                </div>
                <div class="card-body">
                    <div>
                        <pre>io.appium.java_client.remote.AppiumCommandExecutor.createSession(AppiumCommandExecutor.java:225)<br />io.appium.java_client.remote.AppiumCommandExecutor.execute(AppiumCommandExecutor.java:250)<br />io.appium.java_client.DefaultGenericMobileDriver.execute(DefaultGenericMobileDriver.java:41)<br />io.appium.java_client.AppiumDriver.execute(AppiumDriver.java:1)<br />io.appium.java_client.android.AndroidDriver.execute(AndroidDriver.java:1)<br />io.appium.java_client.AppiumDriver.startSession(AppiumDriver.java:363)<br />io.appium.java_client.DefaultGenericMobileDriver.<init>(DefaultGenericMobileDriver.java:37)<br />io.appium.java_client.AppiumDriver.<init>(AppiumDriver.java:89)<br />io.appium.java_client.AppiumDriver.<init>(AppiumDriver.java:99)<br />io.appium.java_client.android.AndroidDriver.<init>(AndroidDriver.java:97)<br />test.alta.driver.AndroidDriverPool.create(AndroidDriverPool.java:26)<br />test.alta.pageobject.BasePageObject.getDriver(BasePageObject.java:18)<br />test.alta.pageobject.BasePageObject.onWait(BasePageObject.java:24)<br />test.alta.pageobject.BasePageObject.waitUntilClickable(BasePageObject.java:28)<br />test.alta.pageobject.BasePageObject.onClick(BasePageObject.java:40)<br />test.alta.pages.LoginScreen.clickButtonLogin(LoginScreen.java:68)<br />test.alta.stepdefinitions.LoginSteps.userOnTheMainPageAndClickButtonLogin(LoginSteps.java:47)<br />io.cucumber.java.Invoker.doInvoke(Invoker.java:66)<br />io.cucumber.java.Invoker.invoke(Invoker.java:24)<br />io.cucumber.java.AbstractGlueDefinition.invokeMethod(AbstractGlueDefinition.java:47)<br />io.cucumber.java.JavaStepDefinition.execute(JavaStepDefinition.java:29)<br />io.cucumber.core.runner.CoreStepDefinition.execute(CoreStepDefinition.java:66)<br />io.cucumber.core.runner.PickleStepDefinitionMatch.runStep(PickleStepDefinitionMatch.java:63)<br />io.cucumber.core.runner.TestStep.executeStep(TestStep.java:92)<br />io.cucumber.core.runner.TestStep.run(TestStep.java:64)<br />io.cucumber.core.runner.PickleStepTestStep.run(PickleStepTestStep.java:51)<br />io.cucumber.core.runner.TestCase.run(TestCase.java:104)<br />io.cucumber.core.runner.Runner.runPickle(Runner.java:73)<br />io.cucumber.junit.FeatureRunner.runChild(FeatureRunner.java:135)<br />io.cucumber.junit.FeatureRunner.runChild(FeatureRunner.java:27)<br />io.cucumber.junit.CucumberSerenityRunner.runChild(CucumberSerenityRunner.java:258)<br />io.cucumber.junit.CucumberSerenityRunner.runChild(CucumberSerenityRunner.java:57)<br /></pre>
                    </div>

                    <h4>
                        Caused by: java.lang.reflect.InvocationTargetException
                    </h4>
                    <div>
                        <pre>io.appium.java_client.remote.AppiumCommandExecutor.createSession(AppiumCommandExecutor.java :225)<br />io.appium.java_client.remote.AppiumCommandExecutor.execute(AppiumCommandExecutor.java :250)<br />io.appium.java_client.DefaultGenericMobileDriver.execute(DefaultGenericMobileDriver.java :41)<br />io.appium.java_client.AppiumDriver.execute(AppiumDriver.java :1)<br />io.appium.java_client.android.AndroidDriver.execute(AndroidDriver.java :1)<br />io.appium.java_client.AppiumDriver.startSession(AppiumDriver.java :363)<br />io.appium.java_client.DefaultGenericMobileDriver.<init>(DefaultGenericMobileDriver.java :37)<br />io.appium.java_client.AppiumDriver.<init>(AppiumDriver.java :89)<br />io.appium.java_client.AppiumDriver.<init>(AppiumDriver.java :99)<br />io.appium.java_client.android.AndroidDriver.<init>(AndroidDriver.java :97)<br />test.alta.driver.AndroidDriverPool.create(AndroidDriverPool.java :26)<br />test.alta.pageobject.BasePageObject.getDriver(BasePageObject.java :18)<br />test.alta.pageobject.BasePageObject.onWait(BasePageObject.java :24)<br />test.alta.pageobject.BasePageObject.waitUntilClickable(BasePageObject.java :28)<br />test.alta.pageobject.BasePageObject.onClick(BasePageObject.java :40)<br />test.alta.pages.LoginScreen.clickButtonLogin(LoginScreen.java :68)<br />test.alta.stepdefinitions.LoginSteps.userOnTheMainPageAndClickButtonLogin(LoginSteps.java :47)<br />io.cucumber.java.Invoker.doInvoke(Invoker.java :66)<br />io.cucumber.java.Invoker.invoke(Invoker.java :24)<br />io.cucumber.java.AbstractGlueDefinition.invokeMethod(AbstractGlueDefinition.java :47)<br />io.cucumber.java.JavaStepDefinition.execute(JavaStepDefinition.java :29)<br />io.cucumber.core.runner.CoreStepDefinition.execute(CoreStepDefinition.java :66)<br />io.cucumber.core.runner.PickleStepDefinitionMatch.runStep(PickleStepDefinitionMatch.java :63)<br />io.cucumber.core.runner.TestStep.executeStep(TestStep.java :92)<br />io.cucumber.core.runner.TestStep.run(TestStep.java :64)<br />io.cucumber.core.runner.PickleStepTestStep.run(PickleStepTestStep.java :51)<br />io.cucumber.core.runner.TestCase.run(TestCase.java :104)<br />io.cucumber.core.runner.Runner.runPickle(Runner.java :73)<br />io.cucumber.junit.FeatureRunner.runChild(FeatureRunner.java :135)<br />io.cucumber.junit.FeatureRunner.runChild(FeatureRunner.java :27)<br />io.cucumber.junit.CucumberSerenityRunner.runChild(CucumberSerenityRunner.java :258)<br />io.cucumber.junit.CucumberSerenityRunner.runChild(CucumberSerenityRunner.java :57)<br /></pre>
                    </div>
                </div>
            </div>
        </div>
    </div>
                        </td>
                    </tr>
                <tr class="test-ERROR">

                    <td width="90" class="step-icon">
                        <a name="0-0-2"></a>
                            <span style="margin-left: 60px;"
                                  class="nested-group-icon"><a href='##beforetable'><i class='bi bi-exclamation-triangle-fill error-icon ' title='ERROR'></i></a>
                                </span>
                    </td>

                    <td class="step-description-column">
                        <div class="step-description">
                                <span class="nested-group-step">
                                                Wait until clickable: By.xpath: /hierarchy/android.widget.FrameLayout/android.widget.LinearLayout/android.widget.FrameLayout/android.widget.FrameLayout/android.view.View/android.view.View/android.view.View/android.view.View/android.view.View[1]/android.widget.Button
                                        </span>
                            <span class="evidence">
                                </span>
                        </div>
                    </td>

                    <td width="130"><span class="nested-group-step">ERROR</span></td>
                    <td width="100"><span class="nested-group-step">118ms</span></td>
                </tr>
                    <tr class="test-ERROR">
                        <td width="40">&nbsp</td>
                        <td width="%" colspan="3" class="error-message-cell">


    <div style="display:block">
        <div class="table">
            <div class="row">
                <div class="col-sm-10" style="padding-left:1.5em; padding-top:0.5em; padding-bottom:0.5em;">
                    <span class="error-message error-message-title">org.openqa.selenium.SessionNotCreatedException: Unable to create a new remote session. Please check the server log for more details. Original error: An unknown server-side error occurred while processing the command. Original error: Could not proxy command to the remote server. Original error: socket hang up<br>Build info: version: &#39;3.141.59&#39;, revision: &#39;e82be7d358&#39;, time: &#39;2018-11-14T08:17:03&#39;<br>System info: host: &#39;LV-ACR-PC50E5T5&#39;, ip: &#39;192.168.1.10&#39;, os.name: &#39;Windows 10&#39;, os.arch: &#39;amd64&#39;, os.version: &#39;10.0&#39;, java.version: &#39;1.8.0_202&#39;<br>Driver info: driver.version: AndroidDriver<br>remote stacktrace: UnknownError: An unknown server-side error occurred while processing the command. Original error: Could not proxy command to the remote server. Original error: socket hang up<br>    at UIA2Proxy.command (C:\Users\ADW User ACR\AppData\Local\Programs\Appium Server GUI\resources\app\node_modules\appium\node_modules\appium-base-driver\lib\jsonwp-proxy\proxy.js:274:13)<br>    at runMicrotasks (&lt;anonymous&gt;)<br>    at processTicksAndRejections (internal/process/task_queues.js:97:5)<br>    at AndroidUiautomator2Driver.commands.getDevicePixelRatio (C:\Users\ADW User ACR\AppData\Local\Programs\Appium Server GUI\resources\app\node_modules\appium\node_modules\appium-uiautomator2-driver\lib\commands\viewport.js:14:10)<br>    at AndroidUiautomator2Driver.fillDeviceDetails (C:\Users\ADW User ACR\AppData\Local\Programs\Appium Server GUI\resources\app\node_modules\appium\node_modules\appium-uiautomator2-driver\lib\driver.js:244:28)<br>    at AndroidUiautomator2Driver.createSession (C:\Users\ADW User ACR\AppData\Local\Programs\Appium Server GUI\resources\app\node_modules\appium\node_modules\appium-uiautomator2-driver\lib\driver.js:230:7)<br>    at AppiumDriver.createSession (C:\Users\ADW User ACR\AppData\Local\Programs\Appium Server GUI\resources\app\node_modules\appium\lib\appium.js:387:35)<br>Build info: version: &#39;3.141.59&#39;, revision: &#39;e82be7d358&#39;, time: &#39;2018-11-14T08:17:03&#39;<br>System info: host: &#39;LV-ACR-PC50E5T5&#39;, ip: &#39;192.168.1.10&#39;, os.name: &#39;Windows 10&#39;, os.arch: &#39;amd64&#39;, os.version: &#39;10.0&#39;, java.version: &#39;1.8.0_202&#39;<br>Driver info: driver.version: AndroidDriver</span>
                </div>
                <div class="col-sm-2">
                    <a class="btn btn-warning details-button" data-toggle="collapse" href="#stacktraceModal-5"
                       role="button" aria-expanded="false" aria-controls="multiCollapseExample1"><i class="bi bi-eye"></i> More details</a>
                </div>
             </div>
        </div>
    <div>

    <!-- Details Section -->
    <div class="row stacktrace-details">
      <div class="col">
        <div class="collapse multi-collapse" id="stacktraceModal-5">
            <div class="card">
                <div class="card-header">
                    <h4>org.openqa.selenium.SessionNotCreatedException </h4>
                </div>
                <div class="card-body">
                    <div>
                        <pre>io.appium.java_client.remote.AppiumCommandExecutor.createSession(AppiumCommandExecutor.java:225)<br />io.appium.java_client.remote.AppiumCommandExecutor.execute(AppiumCommandExecutor.java:250)<br />io.appium.java_client.DefaultGenericMobileDriver.execute(DefaultGenericMobileDriver.java:41)<br />io.appium.java_client.AppiumDriver.execute(AppiumDriver.java:1)<br />io.appium.java_client.android.AndroidDriver.execute(AndroidDriver.java:1)<br />io.appium.java_client.AppiumDriver.startSession(AppiumDriver.java:363)<br />io.appium.java_client.DefaultGenericMobileDriver.<init>(DefaultGenericMobileDriver.java:37)<br />io.appium.java_client.AppiumDriver.<init>(AppiumDriver.java:89)<br />io.appium.java_client.AppiumDriver.<init>(AppiumDriver.java:99)<br />io.appium.java_client.android.AndroidDriver.<init>(AndroidDriver.java:97)<br />test.alta.driver.AndroidDriverPool.create(AndroidDriverPool.java:26)<br />test.alta.pageobject.BasePageObject.getDriver(BasePageObject.java:18)<br />test.alta.pageobject.BasePageObject.onWait(BasePageObject.java:24)<br />test.alta.pageobject.BasePageObject.waitUntilClickable(BasePageObject.java:28)<br />test.alta.pageobject.BasePageObject.onClick(BasePageObject.java:40)<br />test.alta.pages.LoginScreen.clickButtonLogin(LoginScreen.java:68)<br />test.alta.stepdefinitions.LoginSteps.userOnTheMainPageAndClickButtonLogin(LoginSteps.java:47)<br />io.cucumber.java.Invoker.doInvoke(Invoker.java:66)<br />io.cucumber.java.Invoker.invoke(Invoker.java:24)<br />io.cucumber.java.AbstractGlueDefinition.invokeMethod(AbstractGlueDefinition.java:47)<br />io.cucumber.java.JavaStepDefinition.execute(JavaStepDefinition.java:29)<br />io.cucumber.core.runner.CoreStepDefinition.execute(CoreStepDefinition.java:66)<br />io.cucumber.core.runner.PickleStepDefinitionMatch.runStep(PickleStepDefinitionMatch.java:63)<br />io.cucumber.core.runner.TestStep.executeStep(TestStep.java:92)<br />io.cucumber.core.runner.TestStep.run(TestStep.java:64)<br />io.cucumber.core.runner.PickleStepTestStep.run(PickleStepTestStep.java:51)<br />io.cucumber.core.runner.TestCase.run(TestCase.java:104)<br />io.cucumber.core.runner.Runner.runPickle(Runner.java:73)<br />io.cucumber.junit.FeatureRunner.runChild(FeatureRunner.java:135)<br />io.cucumber.junit.FeatureRunner.runChild(FeatureRunner.java:27)<br />io.cucumber.junit.CucumberSerenityRunner.runChild(CucumberSerenityRunner.java:258)<br />io.cucumber.junit.CucumberSerenityRunner.runChild(CucumberSerenityRunner.java:57)<br /></pre>
                    </div>

                    <h4>
                        Caused by: java.lang.reflect.InvocationTargetException
                    </h4>
                    <div>
                        <pre>io.appium.java_client.remote.AppiumCommandExecutor.createSession(AppiumCommandExecutor.java :225)<br />io.appium.java_client.remote.AppiumCommandExecutor.execute(AppiumCommandExecutor.java :250)<br />io.appium.java_client.DefaultGenericMobileDriver.execute(DefaultGenericMobileDriver.java :41)<br />io.appium.java_client.AppiumDriver.execute(AppiumDriver.java :1)<br />io.appium.java_client.android.AndroidDriver.execute(AndroidDriver.java :1)<br />io.appium.java_client.AppiumDriver.startSession(AppiumDriver.java :363)<br />io.appium.java_client.DefaultGenericMobileDriver.<init>(DefaultGenericMobileDriver.java :37)<br />io.appium.java_client.AppiumDriver.<init>(AppiumDriver.java :89)<br />io.appium.java_client.AppiumDriver.<init>(AppiumDriver.java :99)<br />io.appium.java_client.android.AndroidDriver.<init>(AndroidDriver.java :97)<br />test.alta.driver.AndroidDriverPool.create(AndroidDriverPool.java :26)<br />test.alta.pageobject.BasePageObject.getDriver(BasePageObject.java :18)<br />test.alta.pageobject.BasePageObject.onWait(BasePageObject.java :24)<br />test.alta.pageobject.BasePageObject.waitUntilClickable(BasePageObject.java :28)<br />test.alta.pageobject.BasePageObject.onClick(BasePageObject.java :40)<br />test.alta.pages.LoginScreen.clickButtonLogin(LoginScreen.java :68)<br />test.alta.stepdefinitions.LoginSteps.userOnTheMainPageAndClickButtonLogin(LoginSteps.java :47)<br />io.cucumber.java.Invoker.doInvoke(Invoker.java :66)<br />io.cucumber.java.Invoker.invoke(Invoker.java :24)<br />io.cucumber.java.AbstractGlueDefinition.invokeMethod(AbstractGlueDefinition.java :47)<br />io.cucumber.java.JavaStepDefinition.execute(JavaStepDefinition.java :29)<br />io.cucumber.core.runner.CoreStepDefinition.execute(CoreStepDefinition.java :66)<br />io.cucumber.core.runner.PickleStepDefinitionMatch.runStep(PickleStepDefinitionMatch.java :63)<br />io.cucumber.core.runner.TestStep.executeStep(TestStep.java :92)<br />io.cucumber.core.runner.TestStep.run(TestStep.java :64)<br />io.cucumber.core.runner.PickleStepTestStep.run(PickleStepTestStep.java :51)<br />io.cucumber.core.runner.TestCase.run(TestCase.java :104)<br />io.cucumber.core.runner.Runner.runPickle(Runner.java :73)<br />io.cucumber.junit.FeatureRunner.runChild(FeatureRunner.java :135)<br />io.cucumber.junit.FeatureRunner.runChild(FeatureRunner.java :27)<br />io.cucumber.junit.CucumberSerenityRunner.runChild(CucumberSerenityRunner.java :258)<br />io.cucumber.junit.CucumberSerenityRunner.runChild(CucumberSerenityRunner.java :57)<br /></pre>
                    </div>
                </div>
            </div>
        </div>
    </div>
                        </td>
                    </tr>
                <tr class="test-ERROR">

                    <td width="90" class="step-icon">
                        <a name="0-0-3"></a>
                            <span style="margin-left: 60px;"
                                  class="nested-group-icon"><a href='##beforetable'><i class='bi bi-exclamation-triangle-fill error-icon ' title='ERROR'></i></a>
                                </span>
                    </td>

                    <td class="step-description-column">
                        <div class="step-description">
                                <span class="nested-group-step">
                                                On click: By.xpath: /hierarchy/android.widget.FrameLayout/android.widget.LinearLayout/android.widget.FrameLayout/android.widget.FrameLayout/android.view.View/android.view.View/android.view.View/android.view.View/android.view.View[1]/android.widget.Button
                                        </span>
                            <span class="evidence">
                                </span>
                        </div>
                    </td>

                    <td width="130"><span class="nested-group-step">ERROR</span></td>
                    <td width="100"><span class="nested-group-step">014ms</span></td>
                </tr>
                    <tr class="test-ERROR">
                        <td width="40">&nbsp</td>
                        <td width="%" colspan="3" class="error-message-cell">


    <div style="display:block">
        <div class="table">
            <div class="row">
                <div class="col-sm-10" style="padding-left:1.5em; padding-top:0.5em; padding-bottom:0.5em;">
                    <span class="error-message error-message-title">org.openqa.selenium.SessionNotCreatedException: Unable to create a new remote session. Please check the server log for more details. Original error: An unknown server-side error occurred while processing the command. Original error: Could not proxy command to the remote server. Original error: socket hang up<br>Build info: version: &#39;3.141.59&#39;, revision: &#39;e82be7d358&#39;, time: &#39;2018-11-14T08:17:03&#39;<br>System info: host: &#39;LV-ACR-PC50E5T5&#39;, ip: &#39;192.168.1.10&#39;, os.name: &#39;Windows 10&#39;, os.arch: &#39;amd64&#39;, os.version: &#39;10.0&#39;, java.version: &#39;1.8.0_202&#39;<br>Driver info: driver.version: AndroidDriver<br>remote stacktrace: UnknownError: An unknown server-side error occurred while processing the command. Original error: Could not proxy command to the remote server. Original error: socket hang up<br>    at UIA2Proxy.command (C:\Users\ADW User ACR\AppData\Local\Programs\Appium Server GUI\resources\app\node_modules\appium\node_modules\appium-base-driver\lib\jsonwp-proxy\proxy.js:274:13)<br>    at runMicrotasks (&lt;anonymous&gt;)<br>    at processTicksAndRejections (internal/process/task_queues.js:97:5)<br>    at AndroidUiautomator2Driver.commands.getDevicePixelRatio (C:\Users\ADW User ACR\AppData\Local\Programs\Appium Server GUI\resources\app\node_modules\appium\node_modules\appium-uiautomator2-driver\lib\commands\viewport.js:14:10)<br>    at AndroidUiautomator2Driver.fillDeviceDetails (C:\Users\ADW User ACR\AppData\Local\Programs\Appium Server GUI\resources\app\node_modules\appium\node_modules\appium-uiautomator2-driver\lib\driver.js:244:28)<br>    at AndroidUiautomator2Driver.createSession (C:\Users\ADW User ACR\AppData\Local\Programs\Appium Server GUI\resources\app\node_modules\appium\node_modules\appium-uiautomator2-driver\lib\driver.js:230:7)<br>    at AppiumDriver.createSession (C:\Users\ADW User ACR\AppData\Local\Programs\Appium Server GUI\resources\app\node_modules\appium\lib\appium.js:387:35)<br>Build info: version: &#39;3.141.59&#39;, revision: &#39;e82be7d358&#39;, time: &#39;2018-11-14T08:17:03&#39;<br>System info: host: &#39;LV-ACR-PC50E5T5&#39;, ip: &#39;192.168.1.10&#39;, os.name: &#39;Windows 10&#39;, os.arch: &#39;amd64&#39;, os.version: &#39;10.0&#39;, java.version: &#39;1.8.0_202&#39;<br>Driver info: driver.version: AndroidDriver</span>
                </div>
                <div class="col-sm-2">
                    <a class="btn btn-warning details-button" data-toggle="collapse" href="#stacktraceModal-6"
                       role="button" aria-expanded="false" aria-controls="multiCollapseExample1"><i class="bi bi-eye"></i> More details</a>
                </div>
             </div>
        </div>
    <div>

    <!-- Details Section -->
    <div class="row stacktrace-details">
      <div class="col">
        <div class="collapse multi-collapse" id="stacktraceModal-6">
            <div class="card">
                <div class="card-header">
                    <h4>org.openqa.selenium.SessionNotCreatedException </h4>
                </div>
                <div class="card-body">
                    <div>
                        <pre>io.appium.java_client.remote.AppiumCommandExecutor.createSession(AppiumCommandExecutor.java:225)<br />io.appium.java_client.remote.AppiumCommandExecutor.execute(AppiumCommandExecutor.java:250)<br />io.appium.java_client.DefaultGenericMobileDriver.execute(DefaultGenericMobileDriver.java:41)<br />io.appium.java_client.AppiumDriver.execute(AppiumDriver.java:1)<br />io.appium.java_client.android.AndroidDriver.execute(AndroidDriver.java:1)<br />io.appium.java_client.AppiumDriver.startSession(AppiumDriver.java:363)<br />io.appium.java_client.DefaultGenericMobileDriver.<init>(DefaultGenericMobileDriver.java:37)<br />io.appium.java_client.AppiumDriver.<init>(AppiumDriver.java:89)<br />io.appium.java_client.AppiumDriver.<init>(AppiumDriver.java:99)<br />io.appium.java_client.android.AndroidDriver.<init>(AndroidDriver.java:97)<br />test.alta.driver.AndroidDriverPool.create(AndroidDriverPool.java:26)<br />test.alta.pageobject.BasePageObject.getDriver(BasePageObject.java:18)<br />test.alta.pageobject.BasePageObject.onWait(BasePageObject.java:24)<br />test.alta.pageobject.BasePageObject.waitUntilClickable(BasePageObject.java:28)<br />test.alta.pageobject.BasePageObject.onClick(BasePageObject.java:40)<br />test.alta.pages.LoginScreen.clickButtonLogin(LoginScreen.java:68)<br />test.alta.stepdefinitions.LoginSteps.userOnTheMainPageAndClickButtonLogin(LoginSteps.java:47)<br />io.cucumber.java.Invoker.doInvoke(Invoker.java:66)<br />io.cucumber.java.Invoker.invoke(Invoker.java:24)<br />io.cucumber.java.AbstractGlueDefinition.invokeMethod(AbstractGlueDefinition.java:47)<br />io.cucumber.java.JavaStepDefinition.execute(JavaStepDefinition.java:29)<br />io.cucumber.core.runner.CoreStepDefinition.execute(CoreStepDefinition.java:66)<br />io.cucumber.core.runner.PickleStepDefinitionMatch.runStep(PickleStepDefinitionMatch.java:63)<br />io.cucumber.core.runner.TestStep.executeStep(TestStep.java:92)<br />io.cucumber.core.runner.TestStep.run(TestStep.java:64)<br />io.cucumber.core.runner.PickleStepTestStep.run(PickleStepTestStep.java:51)<br />io.cucumber.core.runner.TestCase.run(TestCase.java:104)<br />io.cucumber.core.runner.Runner.runPickle(Runner.java:73)<br />io.cucumber.junit.FeatureRunner.runChild(FeatureRunner.java:135)<br />io.cucumber.junit.FeatureRunner.runChild(FeatureRunner.java:27)<br />io.cucumber.junit.CucumberSerenityRunner.runChild(CucumberSerenityRunner.java:258)<br />io.cucumber.junit.CucumberSerenityRunner.runChild(CucumberSerenityRunner.java:57)<br /></pre>
                    </div>

                    <h4>
                        Caused by: java.lang.reflect.InvocationTargetException
                    </h4>
                    <div>
                        <pre>io.appium.java_client.remote.AppiumCommandExecutor.createSession(AppiumCommandExecutor.java :225)<br />io.appium.java_client.remote.AppiumCommandExecutor.execute(AppiumCommandExecutor.java :250)<br />io.appium.java_client.DefaultGenericMobileDriver.execute(DefaultGenericMobileDriver.java :41)<br />io.appium.java_client.AppiumDriver.execute(AppiumDriver.java :1)<br />io.appium.java_client.android.AndroidDriver.execute(AndroidDriver.java :1)<br />io.appium.java_client.AppiumDriver.startSession(AppiumDriver.java :363)<br />io.appium.java_client.DefaultGenericMobileDriver.<init>(DefaultGenericMobileDriver.java :37)<br />io.appium.java_client.AppiumDriver.<init>(AppiumDriver.java :89)<br />io.appium.java_client.AppiumDriver.<init>(AppiumDriver.java :99)<br />io.appium.java_client.android.AndroidDriver.<init>(AndroidDriver.java :97)<br />test.alta.driver.AndroidDriverPool.create(AndroidDriverPool.java :26)<br />test.alta.pageobject.BasePageObject.getDriver(BasePageObject.java :18)<br />test.alta.pageobject.BasePageObject.onWait(BasePageObject.java :24)<br />test.alta.pageobject.BasePageObject.waitUntilClickable(BasePageObject.java :28)<br />test.alta.pageobject.BasePageObject.onClick(BasePageObject.java :40)<br />test.alta.pages.LoginScreen.clickButtonLogin(LoginScreen.java :68)<br />test.alta.stepdefinitions.LoginSteps.userOnTheMainPageAndClickButtonLogin(LoginSteps.java :47)<br />io.cucumber.java.Invoker.doInvoke(Invoker.java :66)<br />io.cucumber.java.Invoker.invoke(Invoker.java :24)<br />io.cucumber.java.AbstractGlueDefinition.invokeMethod(AbstractGlueDefinition.java :47)<br />io.cucumber.java.JavaStepDefinition.execute(JavaStepDefinition.java :29)<br />io.cucumber.core.runner.CoreStepDefinition.execute(CoreStepDefinition.java :66)<br />io.cucumber.core.runner.PickleStepDefinitionMatch.runStep(PickleStepDefinitionMatch.java :63)<br />io.cucumber.core.runner.TestStep.executeStep(TestStep.java :92)<br />io.cucumber.core.runner.TestStep.run(TestStep.java :64)<br />io.cucumber.core.runner.PickleStepTestStep.run(PickleStepTestStep.java :51)<br />io.cucumber.core.runner.TestCase.run(TestCase.java :104)<br />io.cucumber.core.runner.Runner.runPickle(Runner.java :73)<br />io.cucumber.junit.FeatureRunner.runChild(FeatureRunner.java :135)<br />io.cucumber.junit.FeatureRunner.runChild(FeatureRunner.java :27)<br />io.cucumber.junit.CucumberSerenityRunner.runChild(CucumberSerenityRunner.java :258)<br />io.cucumber.junit.CucumberSerenityRunner.runChild(CucumberSerenityRunner.java :57)<br /></pre>
                    </div>
                </div>
            </div>
        </div>
    </div>
                        </td>
                    </tr>

                            </table>
                        </td>
                    </tr>

                            </table>
                        </td>
                    </tr>
                <tr class="test-ERROR">

                    <td width="50" class="step-icon">
                        <a name="1"></a>
                            <span style="margin-left: 20px;"
                                  class="top-level-icon"><a href='##beforetable'><i class='bi bi-exclamation-triangle-fill error-icon ' title='ERROR'></i></a>
                                </span>
                    </td>

                    <td class="step-description-column">
                        <div class="step-description">
                                <span class="top-level-step">
                                                Given user on the main page and click button login
                                        </span>
                            <span class="evidence">
                                </span>
                        </div>
                    </td>

                    <td width="130"><span class="top-level-step">ERROR</span></td>
                    <td width="100"><span class="top-level-step">023ms</span></td>
                </tr>
                    <tr class="test-ERROR">
                        <td width="40">&nbsp</td>
                        <td width="%" colspan="3" class="error-message-cell">


    <div style="display:block">
        <div class="table">
            <div class="row">
                <div class="col-sm-10" style="padding-left:1.5em; padding-top:0.5em; padding-bottom:0.5em;">
                    <span class="error-message error-message-title">java.lang.reflect.InvocationTargetException</span>
                </div>
                <div class="col-sm-2">
                    <a class="btn btn-warning details-button" data-toggle="collapse" href="#stacktraceModal-7"
                       role="button" aria-expanded="false" aria-controls="multiCollapseExample1"><i class="bi bi-eye"></i> More details</a>
                </div>
             </div>
        </div>
    <div>

    <!-- Details Section -->
    <div class="row stacktrace-details">
      <div class="col">
        <div class="collapse multi-collapse" id="stacktraceModal-7">
            <div class="card">
                <div class="card-header">
                    <h4>java.lang.reflect.InvocationTargetException </h4>
                </div>
                <div class="card-body">
                    <div>
                        <pre>io.appium.java_client.remote.AppiumCommandExecutor.createSession(AppiumCommandExecutor.java:225)<br />io.appium.java_client.remote.AppiumCommandExecutor.execute(AppiumCommandExecutor.java:250)<br />io.appium.java_client.DefaultGenericMobileDriver.execute(DefaultGenericMobileDriver.java:41)<br />io.appium.java_client.AppiumDriver.execute(AppiumDriver.java:1)<br />io.appium.java_client.android.AndroidDriver.execute(AndroidDriver.java:1)<br />io.appium.java_client.AppiumDriver.startSession(AppiumDriver.java:363)<br />io.appium.java_client.DefaultGenericMobileDriver.<init>(DefaultGenericMobileDriver.java:37)<br />io.appium.java_client.AppiumDriver.<init>(AppiumDriver.java:89)<br />io.appium.java_client.AppiumDriver.<init>(AppiumDriver.java:99)<br />io.appium.java_client.android.AndroidDriver.<init>(AndroidDriver.java:97)<br />test.alta.driver.AndroidDriverPool.create(AndroidDriverPool.java:26)<br />test.alta.pageobject.BasePageObject.getDriver(BasePageObject.java:18)<br />test.alta.pageobject.BasePageObject.onWait(BasePageObject.java:24)<br />test.alta.pageobject.BasePageObject.waitUntilClickable(BasePageObject.java:28)<br />test.alta.pageobject.BasePageObject.onClick(BasePageObject.java:40)<br />test.alta.pages.LoginScreen.clickButtonLogin(LoginScreen.java:68)<br />test.alta.stepdefinitions.LoginSteps.userOnTheMainPageAndClickButtonLogin(LoginSteps.java:47)<br />io.cucumber.java.Invoker.doInvoke(Invoker.java:66)<br />io.cucumber.java.Invoker.invoke(Invoker.java:24)<br />io.cucumber.java.AbstractGlueDefinition.invokeMethod(AbstractGlueDefinition.java:47)<br />io.cucumber.java.JavaStepDefinition.execute(JavaStepDefinition.java:29)<br />io.cucumber.core.runner.CoreStepDefinition.execute(CoreStepDefinition.java:66)<br />io.cucumber.core.runner.PickleStepDefinitionMatch.runStep(PickleStepDefinitionMatch.java:63)<br />io.cucumber.core.runner.TestStep.executeStep(TestStep.java:92)<br />io.cucumber.core.runner.TestStep.run(TestStep.java:64)<br />io.cucumber.core.runner.PickleStepTestStep.run(PickleStepTestStep.java:51)<br />io.cucumber.core.runner.TestCase.run(TestCase.java:104)<br />io.cucumber.core.runner.Runner.runPickle(Runner.java:73)<br />io.cucumber.junit.FeatureRunner.runChild(FeatureRunner.java:135)<br />io.cucumber.junit.FeatureRunner.runChild(FeatureRunner.java:27)<br />io.cucumber.junit.CucumberSerenityRunner.runChild(CucumberSerenityRunner.java:258)<br />io.cucumber.junit.CucumberSerenityRunner.runChild(CucumberSerenityRunner.java:57)<br /></pre>
                    </div>

                    <h4>
                        Caused by: java.lang.AssertionError
                    </h4>
                    <div>
                            <pre>null</pre>
                        <pre>io.cucumber.core.plugin.SerenityReporter.failed(SerenityReporter.java :858)<br />io.cucumber.core.plugin.SerenityReporter.recordStepResult(SerenityReporter.java :806)<br />io.cucumber.core.plugin.SerenityReporter.handleResult(SerenityReporter.java :793)<br />io.cucumber.core.plugin.SerenityReporter.handleTestStepFinished(SerenityReporter.java :363)<br />io.cucumber.core.eventbus.AbstractEventPublisher.send(AbstractEventPublisher.java :51)<br />io.cucumber.core.eventbus.AbstractEventBus.send(AbstractEventBus.java :12)<br />io.cucumber.core.runtime.SynchronizedEventBus.send(SynchronizedEventBus.java :47)<br />io.cucumber.core.runner.TestStep.emitTestStepFinished(TestStep.java :124)<br />io.cucumber.core.runner.TestStep.run(TestStep.java :74)<br />io.cucumber.core.runner.PickleStepTestStep.run(PickleStepTestStep.java :51)<br />io.cucumber.core.runner.TestCase.run(TestCase.java :104)<br />io.cucumber.core.runner.Runner.runPickle(Runner.java :73)<br />io.cucumber.junit.FeatureRunner.runChild(FeatureRunner.java :135)<br />io.cucumber.junit.FeatureRunner.runChild(FeatureRunner.java :27)<br />io.cucumber.junit.CucumberSerenityRunner.runChild(CucumberSerenityRunner.java :258)<br />io.cucumber.junit.CucumberSerenityRunner.runChild(CucumberSerenityRunner.java :57)<br /></pre>
                    </div>
                </div>
            </div>
        </div>
    </div>
                        </td>
                    </tr>
                <tr class="test-SKIPPED">

                    <td width="50" class="step-icon">
                        <a name="2"></a>
                            <span style="margin-left: 20px;"
                                  class="top-level-icon"><a href='##beforetable'><i class='bi bi-skip-forward skipped-icon ' title='SKIPPED'></i></a>
                                </span>
                    </td>

                    <td class="step-description-column">
                        <div class="step-description">
                                <span class="top-level-step">
                                                When user input "aulia@gmail.com" on email field
                                        </span>
                            <span class="evidence">
                                </span>
                        </div>
                    </td>

                    <td width="130"><span class="top-level-step">SKIPPED</span></td>
                    <td width="100"><span class="top-level-step">024ms</span></td>
                </tr>
                <tr class="test-SKIPPED">

                    <td width="50" class="step-icon">
                        <a name="3"></a>
                            <span style="margin-left: 20px;"
                                  class="top-level-icon"><a href='##beforetable'><i class='bi bi-skip-forward skipped-icon ' title='SKIPPED'></i></a>
                                </span>
                    </td>

                    <td class="step-description-column">
                        <div class="step-description">
                                <span class="top-level-step">
                                                And user input " " on password field
                                        </span>
                            <span class="evidence">
                                </span>
                        </div>
                    </td>

                    <td width="130"><span class="top-level-step">SKIPPED</span></td>
                    <td width="100"><span class="top-level-step">007ms</span></td>
                </tr>
                <tr class="test-SKIPPED">

                    <td width="50" class="step-icon">
                        <a name="4"></a>
                            <span style="margin-left: 20px;"
                                  class="top-level-icon"><a href='##beforetable'><i class='bi bi-skip-forward skipped-icon ' title='SKIPPED'></i></a>
                                </span>
                    </td>

                    <td class="step-description-column">
                        <div class="step-description">
                                <span class="top-level-step">
                                                And user click login button
                                        </span>
                            <span class="evidence">
                                </span>
                        </div>
                    </td>

                    <td width="130"><span class="top-level-step">SKIPPED</span></td>
                    <td width="100"><span class="top-level-step">007ms</span></td>
                </tr>
                <tr class="test-SKIPPED">

                    <td width="50" class="step-icon">
                        <a name="5"></a>
                            <span style="margin-left: 20px;"
                                  class="top-level-icon"><a href='##beforetable'><i class='bi bi-skip-forward skipped-icon ' title='SKIPPED'></i></a>
                                </span>
                    </td>

                    <td class="step-description-column">
                        <div class="step-description">
                                <span class="top-level-step">
                                                Then user see validate message "password can not empty"
                                        </span>
                            <span class="evidence">
                                </span>
                        </div>
                    </td>

                    <td width="130"><span class="top-level-step">SKIPPED</span></td>
                    <td width="100"><span class="top-level-step">007ms</span></td>
                </tr>
            <tr class="test-ERROR">
                    <td colspan="2"></td>
                <td width="130"><span class="top-level-step"><em>ERROR</em></span></td>
                <td width="100"><span class="top-level-step"><em>55.61s</em></span></td>
            </tr>

        </table>
    </div>
</div>

<div id="beforefooter"></div>


<div class="container-fluid">
    <div class="row">
        <div class="col-sm-12">
            <span class="version">Serenity BDD version 3.0.5</span>
        </div>
    </div>
</div>

<script type="text/javascript">
    function toggleDiv(divId) {
        $("#" + divId).toggle();
        var imgsrc = $(".img" + divId).attr('src');
        if (imgsrc == 'images/plus.png') {
            $(".img" + divId).attr("src", function () {
                return "images/minus.png";
            });

        } else {
            $(".img" + divId).attr("src", function () {
                return "images/plus.png";
            });
        }
    }
</script>


<script type="text/javascript">
    //<![CDATA[

    $(document).ready(function () {
        $('img.screenshot').imgPreview({
            imgCSS: {
                width: '500px'
            },
            distanceFromCursor: {top: 10, left: -200}
        });
    });

    //]]>
</script>
<div id="imgPreviewContainer" style="position: absolute; top: 612px; left: 355px; display: none; " class=""><img
            src="" style="display: none; "></div>
<div id="imgPreviewContainer2" style="position: absolute; top: 925px; left: 320px; display: none; " class="">
    <img style="width: 200px; display: none; " src=""></div>
<div id="imgPreviewWithStyles" style="position: absolute; top: 1272px; left: 321px; display: none; " class="">
    <img style="height: 200px; opacity: 1; display: none; " src=""></div>
<div id="imgPreviewWithStyles2" style="display: none; position: absolute; "><img style="height: 200px; "></div>
<div id="imgPreviewWithStyles3" style="display: none; position: absolute; "><img style="height: 200px; "></div>

</div>
</body>
</html>
